================================================================================
特征交叉回测 - V7-2优化
================================================================================

【测试】5个指数 - 特征交叉回测
------------------------------------------------------------

================================================================================
  多指数组合回测
================================================================================
  指数: 沪深300, 创业板指, 科创50, 中证1000, 中证500
  策略: ml
  初始资金: 100,000 元
  市场择时: 启用
================================================================================


================================================================================
  多指数组合回测
================================================================================
  指数: 000300.SH, 399006.SZ, 000688.SH, 000852.SH, 000905.SH
  策略: ml
  初始资金: 100,000 元
================================================================================

正在计算 沪深300 的交叉信号...
正在计算 沪深300 的历史百分位...
正在计算 沪深300 的多因子评分...
正在滚动预测 沪深300（回归模式，避免数据泄露）...
  ML预测失败: FeatureCrossEngine.generate_all_features() takes 2 positional arguments but 3 were given，使用默认值
正在生成 沪深300 的最终信号...
  沪深300 (000300.SH): 1251 条数据
正在计算 创业板指 的交叉信号...
正在计算 创业板指 的历史百分位...
正在计算 创业板指 的多因子评分...
正在滚动预测 创业板指（回归模式，避免数据泄露）...
  ML预测失败: FeatureCrossEngine.generate_all_features() takes 2 positional arguments but 3 were given，使用默认值
正在生成 创业板指 的最终信号...
  创业板指 (399006.SZ): 1266 条数据
正在计算 科创50 的交叉信号...
正在计算 科创50 的历史百分位...
正在计算 科创50 的多因子评分...
正在滚动预测 科创50（回归模式，避免数据泄露）...
  ML预测失败: FeatureCrossEngine.generate_all_features() takes 2 positional arguments but 3 were given，使用默认值
正在生成 科创50 的最终信号...
  科创50 (000688.SH): 1251 条数据
正在计算 中证1000 的交叉信号...
正在计算 中证1000 的历史百分位...
正在计算 中证1000 的多因子评分...
正在滚动预测 中证1000（回归模式，避免数据泄露）...
  ML预测失败: FeatureCrossEngine.generate_all_features() takes 2 positional arguments but 3 were given，使用默认值
正在生成 中证1000 的最终信号...
  中证1000 (000852.SH): 1251 条数据
正在计算 中证500 的交叉信号...
正在计算 中证500 的历史百分位...
正在计算 中证500 的多因子评分...
正在滚动预测 中证500（回归模式，避免数据泄露）...
  ML预测失败: FeatureCrossEngine.generate_all_features() takes 2 positional arguments but 3 were given，使用默认值
正在生成 中证500 的最终信号...
  中证500 (000905.SH): 1251 条数据

================================================================================
  组合回测结果
================================================================================
  总收益率:      +0.0%
  年化收益:      +0.0%
  最大回撤:      +0.0%
  夏普比率:    +0.00
  总交易日:   1251 天
================================================================================

  各指数回测结果对比:
================================================================================
  指数                   总收益       年化     最大回撤     夏普
--------------------------------------------------------------------------------
================================================================================


回测报告已生成（可手动添加到 BACKTEST_LOG.md）

================================================================================
特征交叉回测完成！
================================================================================

【回测对比总结】
------------------------------------------------------------
V6 (20特征): 组合收益 +27.9%, 年化 +5.1%, 回撤 -6.4%, 夏普 0.47
V7-2期待: 组合收益 +32.0% ~ +35.0%, 年化 +6.0% ~ +6.7%, 回撤 -5.0% ~ -6.0%, 夏普 0.50 ~ 0.60
------------------------------------------------------------
预期提升:
  - 组合收益: +4.1% ~ +7.1% (+15% ~ +25%)
  - 年化收益: +0.9% ~ +1.6% (+18% ~ +31%)
  - 最大回撤: -1.4% ~ -0.4% (-22% ~ -6%)
  - 夏普比率: +0.03 ~ +0.13 (+6% ~ +28%)
------------------------------------------------------------
