2026-04-05 19:23:37,987 - __main__ - INFO - ============================================================
2026-04-05 19:23:37,987 - __main__ - INFO - [OK] 开始分析真实指数数据...
2026-04-05 19:23:37,988 - __main__ - INFO - ============================================================
2026-04-05 19:23:37,988 - __main__ - INFO - [OK] 分析 上证综指 (000001.SH)...
2026-04-05 19:30:47,524 - __main__ - INFO - ============================================================
2026-04-05 19:30:47,524 - __main__ - INFO - [OK] 开始分析真实指数数据...
2026-04-05 19:30:47,524 - __main__ - INFO - ============================================================
2026-04-05 19:30:47,525 - __main__ - INFO - [OK] 分析 上证综指 (000001.SH)...
2026-04-05 19:30:47,525 - __main__ - ERROR - [ERROR] 上证综指 分析失败: SixtyIndexAnalysis.__init__() takes 1 positional argument but 2 were given
2026-04-05 19:30:47,525 - __main__ - INFO - [OK] 分析 深证成指 (399001.SZ)...
2026-04-05 19:30:47,525 - __main__ - ERROR - [ERROR] 深证成指 分析失败: SixtyIndexAnalysis.__init__() takes 1 positional argument but 2 were given
2026-04-05 19:30:47,525 - __main__ - INFO - [OK] 分析 创业板指 (399006.SZ)...
2026-04-05 19:30:47,525 - __main__ - ERROR - [ERROR] 创业板指 分析失败: SixtyIndexAnalysis.__init__() takes 1 positional argument but 2 were given
2026-04-05 19:30:47,525 - __main__ - INFO - [OK] 分析 科创板50 (000688.SH)...
2026-04-05 19:30:47,525 - __main__ - ERROR - [ERROR] 科创板50 分析失败: SixtyIndexAnalysis.__init__() takes 1 positional argument but 2 were given
2026-04-05 19:30:47,526 - __main__ - INFO - [OK] 分析 沪深300 (000300.SH)...
2026-04-05 19:30:47,526 - __main__ - ERROR - [ERROR] 沪深300 分析失败: SixtyIndexAnalysis.__init__() takes 1 positional argument but 2 were given
2026-04-05 19:30:47,526 - __main__ - INFO - [OK] 分析 中证500 (000905.SH)...
2026-04-05 19:30:47,526 - __main__ - ERROR - [ERROR] 中证500 分析失败: SixtyIndexAnalysis.__init__() takes 1 positional argument but 2 were given
2026-04-05 19:30:47,526 - __main__ - INFO - [OK] 分析 中证1000 (000852.SH)...
2026-04-05 19:30:47,526 - __main__ - ERROR - [ERROR] 中证1000 分析失败: SixtyIndexAnalysis.__init__() takes 1 positional argument but 2 were given
2026-04-05 19:30:47,526 - __main__ - INFO - [OK] 分析 恒生指数 (.HSI)...
2026-04-05 19:30:47,526 - __main__ - ERROR - [ERROR] 恒生指数 分析失败: SixtyIndexAnalysis.__init__() takes 1 positional argument but 2 were given
2026-04-05 19:30:47,526 - __main__ - INFO - [OK] 分析 道琼斯工业 (.DJI)...
2026-04-05 19:30:47,526 - __main__ - ERROR - [ERROR] 道琼斯工业 分析失败: SixtyIndexAnalysis.__init__() takes 1 positional argument but 2 were given
2026-04-05 19:30:47,526 - __main__ - INFO - [OK] 分析 纳斯达克综合 (.IXIC)...
2026-04-05 19:30:47,526 - __main__ - ERROR - [ERROR] 纳斯达克综合 分析失败: SixtyIndexAnalysis.__init__() takes 1 positional argument but 2 were given
2026-04-05 19:30:47,526 - __main__ - INFO - [OK] 分析 标普500 (.SPX)...
2026-04-05 19:30:47,526 - __main__ - ERROR - [ERROR] 标普500 分析失败: SixtyIndexAnalysis.__init__() takes 1 positional argument but 2 were given
2026-04-05 19:30:47,526 - __main__ - INFO - [OK] 分析 比特币 (BTC-USD)...
2026-04-05 19:30:47,526 - __main__ - ERROR - [ERROR] 比特币 分析失败: SixtyIndexAnalysis.__init__() takes 1 positional argument but 2 were given
2026-04-05 19:30:47,526 - __main__ - INFO - [OK] 所有指数分析完成
2026-04-05 19:30:47,526 - __main__ - INFO - [OK] 生成日报内容...
2026-04-05 19:30:47,526 - __main__ - INFO - [OK] 保存报告到文件...
2026-04-05 19:30:47,527 - __main__ - INFO - [OK] 报告已保存到: E:\pycharm\stock-analysis\reports\daily_report_20260405.md
2026-04-05 19:30:47,527 - __main__ - INFO - [OK] 报告生成成功！
2026-04-05 19:30:47,527 - __main__ - INFO - [OK] 报告已保存到: E:\pycharm\stock-analysis\reports\daily_report_20260405.md
2026-04-05 19:33:04,339 - __main__ - INFO - ============================================================
2026-04-05 19:33:04,339 - __main__ - INFO - [OK] 开始分析真实指数数据...
2026-04-05 19:33:04,339 - __main__ - INFO - ============================================================
2026-04-05 19:33:04,339 - __main__ - INFO - [OK] 分析 上证综指 (000001.SH)...
2026-04-05 19:33:04,339 - __main__ - ERROR - [ERROR] 上证综指 分析失败: 'SixtyIndexAnalysis' object has no attribute 'run'
2026-04-05 19:33:04,339 - __main__ - INFO - [OK] 分析 深证成指 (399001.SZ)...
2026-04-05 19:33:04,359 - __main__ - ERROR - [ERROR] 深证成指 分析失败: 'SixtyIndexAnalysis' object has no attribute 'run'
2026-04-05 19:33:04,359 - __main__ - INFO - [OK] 分析 创业板指 (399006.SZ)...
2026-04-05 19:33:04,359 - __main__ - ERROR - [ERROR] 创业板指 分析失败: 'SixtyIndexAnalysis' object has no attribute 'run'
2026-04-05 19:33:04,359 - __main__ - INFO - [OK] 分析 科创板50 (000688.SH)...
2026-04-05 19:33:04,359 - __main__ - ERROR - [ERROR] 科创板50 分析失败: 'SixtyIndexAnalysis' object has no attribute 'run'
2026-04-05 19:33:04,359 - __main__ - INFO - [OK] 分析 沪深300 (000300.SH)...
2026-04-05 19:33:04,359 - __main__ - ERROR - [ERROR] 沪深300 分析失败: 'SixtyIndexAnalysis' object has no attribute 'run'
2026-04-05 19:33:04,359 - __main__ - INFO - [OK] 分析 中证500 (000905.SH)...
2026-04-05 19:33:04,359 - __main__ - ERROR - [ERROR] 中证500 分析失败: 'SixtyIndexAnalysis' object has no attribute 'run'
2026-04-05 19:33:04,359 - __main__ - INFO - [OK] 分析 中证1000 (000852.SH)...
2026-04-05 19:33:04,360 - __main__ - ERROR - [ERROR] 中证1000 分析失败: 'SixtyIndexAnalysis' object has no attribute 'run'
2026-04-05 19:33:04,360 - __main__ - INFO - [OK] 分析 恒生指数 (.HSI)...
2026-04-05 19:33:04,360 - __main__ - ERROR - [ERROR] 恒生指数 分析失败: 'SixtyIndexAnalysis' object has no attribute 'run'
2026-04-05 19:33:04,360 - __main__ - INFO - [OK] 分析 道琼斯工业 (.DJI)...
2026-04-05 19:33:04,360 - __main__ - ERROR - [ERROR] 道琼斯工业 分析失败: 'SixtyIndexAnalysis' object has no attribute 'run'
2026-04-05 19:33:04,360 - __main__ - INFO - [OK] 分析 纳斯达克综合 (.IXIC)...
2026-04-05 19:33:04,360 - __main__ - ERROR - [ERROR] 纳斯达克综合 分析失败: 'SixtyIndexAnalysis' object has no attribute 'run'
2026-04-05 19:33:04,360 - __main__ - INFO - [OK] 分析 标普500 (.SPX)...
2026-04-05 19:33:04,360 - __main__ - ERROR - [ERROR] 标普500 分析失败: 'SixtyIndexAnalysis' object has no attribute 'run'
2026-04-05 19:33:04,360 - __main__ - INFO - [OK] 分析 比特币 (BTC-USD)...
2026-04-05 19:33:04,360 - __main__ - ERROR - [ERROR] 比特币 分析失败: 'SixtyIndexAnalysis' object has no attribute 'run'
2026-04-05 19:33:04,360 - __main__ - INFO - [OK] 所有指数分析完成
2026-04-05 19:33:04,360 - __main__ - INFO - [OK] 生成日报内容...
2026-04-05 19:33:04,360 - __main__ - INFO - [OK] 保存报告到文件...
2026-04-05 19:33:04,361 - __main__ - INFO - [OK] 报告已保存到: E:\pycharm\stock-analysis\reports\daily_report_20260405.md
2026-04-05 19:33:04,361 - __main__ - INFO - [OK] 报告生成成功！
2026-04-05 19:33:04,361 - __main__ - INFO - [OK] 报告已保存到: E:\pycharm\stock-analysis\reports\daily_report_20260405.md
2026-04-05 19:36:28,102 - __main__ - INFO - ============================================================
2026-04-05 19:36:28,102 - __main__ - INFO - [OK] 开始分析真实指数数据...
2026-04-05 19:36:28,102 - __main__ - INFO - ============================================================
2026-04-05 19:36:28,102 - __main__ - INFO - [OK] 分析 上证综指 (000001.SH)...
2026-04-05 19:36:28,102 - __main__ - ERROR - [ERROR] 上证综指 分析失败: SixtyIndexAnalysis.__init__() got an unexpected keyword argument 'index_code'
2026-04-05 19:36:28,104 - __main__ - INFO - [OK] 分析 深证成指 (399001.SZ)...
2026-04-05 19:36:28,104 - __main__ - ERROR - [ERROR] 深证成指 分析失败: SixtyIndexAnalysis.__init__() got an unexpected keyword argument 'index_code'
2026-04-05 19:36:28,104 - __main__ - INFO - [OK] 分析 创业板指 (399006.SZ)...
2026-04-05 19:36:28,104 - __main__ - ERROR - [ERROR] 创业板指 分析失败: SixtyIndexAnalysis.__init__() got an unexpected keyword argument 'index_code'
2026-04-05 19:36:28,104 - __main__ - INFO - [OK] 分析 科创板50 (000688.SH)...
2026-04-05 19:36:28,104 - __main__ - ERROR - [ERROR] 科创板50 分析失败: SixtyIndexAnalysis.__init__() got an unexpected keyword argument 'index_code'
2026-04-05 19:36:28,105 - __main__ - INFO - [OK] 分析 沪深300 (000300.SH)...
2026-04-05 19:36:28,105 - __main__ - ERROR - [ERROR] 沪深300 分析失败: SixtyIndexAnalysis.__init__() got an unexpected keyword argument 'index_code'
2026-04-05 19:36:28,105 - __main__ - INFO - [OK] 分析 中证500 (000905.SH)...
2026-04-05 19:36:28,105 - __main__ - ERROR - [ERROR] 中证500 分析失败: SixtyIndexAnalysis.__init__() got an unexpected keyword argument 'index_code'
2026-04-05 19:36:28,105 - __main__ - INFO - [OK] 分析 中证1000 (000852.SH)...
2026-04-05 19:36:28,105 - __main__ - ERROR - [ERROR] 中证1000 分析失败: SixtyIndexAnalysis.__init__() got an unexpected keyword argument 'index_code'
2026-04-05 19:36:28,105 - __main__ - INFO - [OK] 分析 恒生指数 (.HSI)...
2026-04-05 19:36:28,105 - __main__ - ERROR - [ERROR] 恒生指数 分析失败: SixtyIndexAnalysis.__init__() got an unexpected keyword argument 'index_code'
2026-04-05 19:36:28,106 - __main__ - INFO - [OK] 分析 道琼斯工业 (.DJI)...
2026-04-05 19:36:28,106 - __main__ - ERROR - [ERROR] 道琼斯工业 分析失败: SixtyIndexAnalysis.__init__() got an unexpected keyword argument 'index_code'
2026-04-05 19:36:28,106 - __main__ - INFO - [OK] 分析 纳斯达克综合 (.IXIC)...
2026-04-05 19:36:28,106 - __main__ - ERROR - [ERROR] 纳斯达克综合 分析失败: SixtyIndexAnalysis.__init__() got an unexpected keyword argument 'index_code'
2026-04-05 19:36:28,106 - __main__ - INFO - [OK] 分析 标普500 (.SPX)...
2026-04-05 19:36:28,106 - __main__ - ERROR - [ERROR] 标普500 分析失败: SixtyIndexAnalysis.__init__() got an unexpected keyword argument 'index_code'
2026-04-05 19:36:28,106 - __main__ - INFO - [OK] 分析 比特币 (BTC-USD)...
2026-04-05 19:36:28,106 - __main__ - ERROR - [ERROR] 比特币 分析失败: SixtyIndexAnalysis.__init__() got an unexpected keyword argument 'index_code'
2026-04-05 19:36:28,106 - __main__ - INFO - [OK] 所有指数分析完成
2026-04-05 19:36:28,107 - __main__ - INFO - [OK] 生成日报内容...
2026-04-05 19:36:28,107 - __main__ - INFO - [OK] 保存报告到文件...
2026-04-05 19:36:28,107 - __main__ - INFO - [OK] 报告已保存到: E:\pycharm\stock-analysis\reports\daily_report_20260405.md
2026-04-05 19:36:28,107 - __main__ - INFO - [OK] 报告生成成功！
2026-04-05 19:36:28,107 - __main__ - INFO - [OK] 报告已保存到: E:\pycharm\stock-analysis\reports\daily_report_20260405.md
2026-04-05 19:38:39,605 - __main__ - INFO - ============================================================
2026-04-05 19:38:39,605 - __main__ - INFO - [OK] 开始分析真实指数数据...
2026-04-05 19:38:39,605 - __main__ - INFO - ============================================================
2026-04-05 19:38:39,605 - __main__ - INFO - [OK] 分析 上证综指 (000001.SH)...
2026-04-05 19:38:43,256 - __main__ - INFO - [OK] 上证综指 分析完成
2026-04-05 19:38:43,256 - __main__ - INFO - [OK] 分析 深证成指 (399001.SZ)...
2026-04-05 19:38:46,715 - __main__ - INFO - [OK] 深证成指 分析完成
2026-04-05 19:38:46,716 - __main__ - INFO - [OK] 分析 创业板指 (399006.SZ)...
2026-04-05 19:38:50,286 - __main__ - INFO - [OK] 创业板指 分析完成
2026-04-05 19:38:50,286 - __main__ - INFO - [OK] 分析 科创板50 (000688.SH)...
2026-04-05 19:38:53,768 - __main__ - INFO - [OK] 科创板50 分析完成
2026-04-05 19:38:53,768 - __main__ - INFO - [OK] 分析 沪深300 (000300.SH)...
2026-04-05 19:38:57,246 - __main__ - INFO - [OK] 沪深300 分析完成
2026-04-05 19:38:57,246 - __main__ - INFO - [OK] 分析 中证500 (000905.SH)...
2026-04-05 19:39:00,685 - __main__ - INFO - [OK] 中证500 分析完成
2026-04-05 19:39:00,685 - __main__ - INFO - [OK] 分析 中证1000 (000852.SH)...
2026-04-05 19:39:04,166 - __main__ - INFO - [OK] 中证1000 分析完成
2026-04-05 19:39:04,166 - __main__ - INFO - [OK] 分析 恒生指数 (.HSI)...
2026-04-05 19:39:07,566 - __main__ - INFO - [OK] 恒生指数 分析完成
2026-04-05 19:39:07,566 - __main__ - INFO - [OK] 分析 道琼斯工业 (.DJI)...
2026-04-05 19:39:10,988 - __main__ - INFO - [OK] 道琼斯工业 分析完成
2026-04-05 19:39:10,988 - __main__ - INFO - [OK] 分析 纳斯达克综合 (.IXIC)...
2026-04-05 19:39:14,466 - __main__ - INFO - [OK] 纳斯达克综合 分析完成
2026-04-05 19:39:14,466 - __main__ - INFO - [OK] 分析 标普500 (.SPX)...
2026-04-05 19:39:17,896 - __main__ - INFO - [OK] 标普500 分析完成
2026-04-05 19:39:17,896 - __main__ - INFO - [OK] 分析 比特币 (BTC-USD)...
2026-04-05 19:39:21,347 - __main__ - INFO - [OK] 比特币 分析完成
2026-04-05 19:39:21,348 - __main__ - INFO - [OK] 所有指数分析完成
2026-04-05 19:39:21,348 - __main__ - INFO - [OK] 生成日报内容...
2026-04-05 19:39:21,348 - __main__ - INFO - [OK] 保存报告到文件...
2026-04-05 19:39:21,348 - __main__ - INFO - [OK] 报告已保存到: E:\pycharm\stock-analysis\reports\daily_report_20260405.md
2026-04-05 19:39:21,349 - __main__ - INFO - [OK] 报告生成成功！
2026-04-05 19:39:21,349 - __main__ - INFO - [OK] 报告已保存到: E:\pycharm\stock-analysis\reports\daily_report_20260405.md
2026-04-05 19:42:22,224 - __main__ - INFO - ============================================================
2026-04-05 19:42:22,224 - __main__ - INFO - [OK] 开始分析真实指数数据...
2026-04-05 19:42:22,225 - __main__ - INFO - ============================================================
2026-04-05 19:42:22,225 - __main__ - INFO - [OK] 分析 上证综指 (000001.SH)...
2026-04-05 19:42:25,788 - __main__ - INFO - [OK] 上证综指 分析完成
2026-04-05 19:42:25,789 - __main__ - INFO - [OK] 分析 深证成指 (399001.SZ)...
2026-04-05 19:42:29,300 - __main__ - INFO - [OK] 深证成指 分析完成
2026-04-05 19:42:29,300 - __main__ - INFO - [OK] 分析 创业板指 (399006.SZ)...
2026-04-05 19:42:32,719 - __main__ - INFO - [OK] 创业板指 分析完成
2026-04-05 19:42:32,719 - __main__ - INFO - [OK] 分析 科创板50 (000688.SH)...
2026-04-05 19:42:36,145 - __main__ - INFO - [OK] 科创板50 分析完成
2026-04-05 19:42:36,145 - __main__ - INFO - [OK] 分析 沪深300 (000300.SH)...
2026-04-05 19:42:39,581 - __main__ - INFO - [OK] 沪深300 分析完成
2026-04-05 19:42:39,581 - __main__ - INFO - [OK] 分析 中证500 (000905.SH)...
2026-04-05 19:42:43,008 - __main__ - INFO - [OK] 中证500 分析完成
2026-04-05 19:42:43,008 - __main__ - INFO - [OK] 分析 中证1000 (000852.SH)...
2026-04-05 19:42:46,451 - __main__ - INFO - [OK] 中证1000 分析完成
2026-04-05 19:42:46,451 - __main__ - INFO - [OK] 分析 恒生指数 (.HSI)...
2026-04-05 19:42:49,859 - __main__ - INFO - [OK] 恒生指数 分析完成
2026-04-05 19:42:49,859 - __main__ - INFO - [OK] 分析 道琼斯工业 (.DJI)...
2026-04-05 19:42:53,321 - __main__ - INFO - [OK] 道琼斯工业 分析完成
2026-04-05 19:42:53,321 - __main__ - INFO - [OK] 分析 纳斯达克综合 (.IXIC)...
2026-04-05 19:42:56,788 - __main__ - INFO - [OK] 纳斯达克综合 分析完成
2026-04-05 19:42:56,788 - __main__ - INFO - [OK] 分析 标普500 (.SPX)...
2026-04-05 19:43:00,281 - __main__ - INFO - [OK] 标普500 分析完成
2026-04-05 19:43:00,281 - __main__ - INFO - [OK] 分析 比特币 (BTC-USD)...
2026-04-05 19:43:03,816 - __main__ - INFO - [OK] 比特币 分析完成
2026-04-05 19:43:03,817 - __main__ - INFO - [OK] 所有指数分析完成
2026-04-05 19:43:03,817 - __main__ - INFO - [OK] 生成日报内容...
2026-04-05 19:43:03,817 - __main__ - INFO - [OK] 保存报告到文件...
2026-04-05 19:43:03,817 - __main__ - INFO - [OK] 报告已保存到: E:\pycharm\stock-analysis\reports\daily_report_20260405.md
2026-04-05 19:43:03,817 - __main__ - INFO - [OK] 报告生成成功！
2026-04-05 19:43:03,818 - __main__ - INFO - [OK] 报告已保存到: E:\pycharm\stock-analysis\reports\daily_report_20260405.md
2026-04-05 19:44:58,290 - __main__ - INFO - ============================================================
2026-04-05 19:44:58,290 - __main__ - INFO - [OK] 开始分析真实指数数据...
2026-04-05 19:44:58,291 - __main__ - INFO - ============================================================
2026-04-05 19:44:58,291 - __main__ - INFO - [OK] 分析 上证综指 (000001.SH)...
2026-04-05 19:45:01,853 - __main__ - INFO - [OK] 上证综指 分析完成
2026-04-05 19:45:01,854 - __main__ - INFO - [OK] 分析 深证成指 (399001.SZ)...
2026-04-05 19:45:05,694 - __main__ - INFO - [OK] 深证成指 分析完成
2026-04-05 19:45:05,694 - __main__ - INFO - [OK] 分析 创业板指 (399006.SZ)...
2026-04-05 19:45:09,353 - __main__ - INFO - [OK] 创业板指 分析完成
2026-04-05 19:45:09,353 - __main__ - INFO - [OK] 分析 科创板50 (000688.SH)...
2026-04-05 19:45:12,761 - __main__ - INFO - [OK] 科创板50 分析完成
2026-04-05 19:45:12,761 - __main__ - INFO - [OK] 分析 沪深300 (000300.SH)...
2026-04-05 19:45:16,260 - __main__ - INFO - [OK] 沪深300 分析完成
2026-04-05 19:45:16,260 - __main__ - INFO - [OK] 分析 中证500 (000905.SH)...
2026-04-05 19:45:20,123 - __main__ - INFO - [OK] 中证500 分析完成
2026-04-05 19:45:20,123 - __main__ - INFO - [OK] 分析 中证1000 (000852.SH)...
2026-04-05 19:45:23,573 - __main__ - INFO - [OK] 中证1000 分析完成
2026-04-05 19:45:23,573 - __main__ - INFO - [OK] 分析 恒生指数 (.HSI)...
2026-04-05 19:45:27,023 - __main__ - INFO - [OK] 恒生指数 分析完成
2026-04-05 19:45:27,023 - __main__ - INFO - [OK] 分析 道琼斯工业 (.DJI)...
2026-04-05 19:45:30,423 - __main__ - INFO - [OK] 道琼斯工业 分析完成
2026-04-05 19:45:30,423 - __main__ - INFO - [OK] 分析 纳斯达克综合 (.IXIC)...
2026-04-05 19:45:33,853 - __main__ - INFO - [OK] 纳斯达克综合 分析完成
2026-04-05 19:45:33,853 - __main__ - INFO - [OK] 分析 标普500 (.SPX)...
2026-04-05 19:45:37,334 - __main__ - INFO - [OK] 标普500 分析完成
2026-04-05 19:45:37,335 - __main__ - INFO - [OK] 分析 比特币 (BTC-USD)...
2026-04-05 19:45:41,454 - __main__ - INFO - [OK] 比特币 分析完成
2026-04-05 19:45:41,454 - __main__ - INFO - [OK] 所有指数分析完成
2026-04-05 19:45:41,454 - __main__ - INFO - [OK] 生成日报内容...
2026-04-05 19:45:41,455 - __main__ - INFO - [OK] 保存报告到文件...
2026-04-05 19:45:41,455 - __main__ - INFO - [OK] 报告已保存到: E:\pycharm\stock-analysis\reports\daily_report_20260405.md
2026-04-05 19:45:41,456 - __main__ - INFO - [OK] 报告生成成功！
2026-04-05 19:45:41,456 - __main__ - INFO - [OK] 报告已保存到: E:\pycharm\stock-analysis\reports\daily_report_20260405.md
2026-04-05 19:46:42,854 - __main__ - INFO - ============================================================
2026-04-05 19:46:42,854 - __main__ - INFO - [OK] 开始分析真实指数数据...
2026-04-05 19:46:42,854 - __main__ - INFO - ============================================================
2026-04-05 19:46:42,854 - __main__ - INFO - [OK] 分析 上证综指 (000001.SH)...
2026-04-05 19:46:46,463 - __main__ - INFO - [OK] 上证综指 分析完成
2026-04-05 19:46:46,463 - __main__ - INFO - [OK] 分析 深证成指 (399001.SZ)...
2026-04-05 19:46:49,981 - __main__ - INFO - [OK] 深证成指 分析完成
2026-04-05 19:46:49,982 - __main__ - INFO - [OK] 分析 创业板指 (399006.SZ)...
2026-04-05 19:46:53,462 - __main__ - INFO - [OK] 创业板指 分析完成
2026-04-05 19:46:53,462 - __main__ - INFO - [OK] 分析 科创板50 (000688.SH)...
2026-04-05 19:46:56,913 - __main__ - INFO - [OK] 科创板50 分析完成
2026-04-05 19:46:56,913 - __main__ - INFO - [OK] 分析 沪深300 (000300.SH)...
2026-04-05 19:47:00,325 - __main__ - INFO - [OK] 沪深300 分析完成
2026-04-05 19:47:00,325 - __main__ - INFO - [OK] 分析 中证500 (000905.SH)...
2026-04-05 19:47:03,845 - __main__ - INFO - [OK] 中证500 分析完成
2026-04-05 19:47:03,845 - __main__ - INFO - [OK] 分析 中证1000 (000852.SH)...
2026-04-05 19:47:07,325 - __main__ - INFO - [OK] 中证1000 分析完成
2026-04-05 19:47:07,325 - __main__ - INFO - [OK] 分析 恒生指数 (.HSI)...
2026-04-05 19:47:10,763 - __main__ - INFO - [OK] 恒生指数 分析完成
2026-04-05 19:47:10,763 - __main__ - INFO - [OK] 分析 道琼斯工业 (.DJI)...
2026-04-05 19:47:14,196 - __main__ - INFO - [OK] 道琼斯工业 分析完成
2026-04-05 19:47:14,196 - __main__ - INFO - [OK] 分析 纳斯达克综合 (.IXIC)...
2026-04-05 19:47:17,665 - __main__ - INFO - [OK] 纳斯达克综合 分析完成
2026-04-05 19:47:17,665 - __main__ - INFO - [OK] 分析 标普500 (.SPX)...
2026-04-05 19:47:21,072 - __main__ - INFO - [OK] 标普500 分析完成
2026-04-05 19:47:21,072 - __main__ - INFO - [OK] 分析 比特币 (BTC-USD)...
2026-04-05 19:47:24,533 - __main__ - INFO - [OK] 比特币 分析完成
2026-04-05 19:47:24,533 - __main__ - INFO - [OK] 所有指数分析完成
2026-04-05 19:47:24,533 - __main__ - INFO - [OK] 生成日报内容...
2026-04-05 19:47:24,533 - __main__ - INFO - [OK] 保存报告到文件...
2026-04-05 19:47:24,534 - __main__ - INFO - [OK] 报告已保存到: E:\pycharm\stock-analysis\reports\daily_report_20260405.md
2026-04-05 19:47:24,534 - __main__ - INFO - [OK] 报告生成成功！
2026-04-05 19:47:24,534 - __main__ - INFO - [OK] 报告已保存到: E:\pycharm\stock-analysis\reports\daily_report_20260405.md
2026-04-05 19:48:13,267 - __main__ - INFO - ============================================================
2026-04-05 19:48:13,267 - __main__ - INFO - [OK] 开始分析真实指数数据...
2026-04-05 19:48:13,267 - __main__ - INFO - ============================================================
2026-04-05 19:48:13,267 - __main__ - INFO - [OK] 分析 上证综指 (000001.SH)...
2026-04-05 19:48:17,043 - __main__ - INFO - [OK] 上证综指 分析完成
2026-04-05 19:48:17,045 - __main__ - INFO - [OK] 分析 深证成指 (399001.SZ)...
2026-04-05 19:48:20,496 - __main__ - INFO - [OK] 深证成指 分析完成
2026-04-05 19:48:20,497 - __main__ - INFO - [OK] 分析 创业板指 (399006.SZ)...
2026-04-05 19:48:23,982 - __main__ - INFO - [OK] 创业板指 分析完成
2026-04-05 19:48:23,983 - __main__ - INFO - [OK] 分析 科创板50 (000688.SH)...
2026-04-05 19:48:27,515 - __main__ - INFO - [OK] 科创板50 分析完成
2026-04-05 19:48:27,516 - __main__ - INFO - [OK] 分析 沪深300 (000300.SH)...
2026-04-05 19:48:31,097 - __main__ - INFO - [OK] 沪深300 分析完成
2026-04-05 19:48:31,097 - __main__ - INFO - [OK] 分析 中证500 (000905.SH)...
2026-04-05 19:48:34,574 - __main__ - INFO - [OK] 中证500 分析完成
2026-04-05 19:48:34,574 - __main__ - INFO - [OK] 分析 中证1000 (000852.SH)...
2026-04-05 19:48:38,056 - __main__ - INFO - [OK] 中证1000 分析完成
2026-04-05 19:48:38,056 - __main__ - INFO - [OK] 分析 恒生指数 (.HSI)...
2026-04-05 19:48:41,545 - __main__ - INFO - [OK] 恒生指数 分析完成
2026-04-05 19:48:41,545 - __main__ - INFO - [OK] 分析 道琼斯工业 (.DJI)...
2026-04-05 19:48:45,040 - __main__ - INFO - [OK] 道琼斯工业 分析完成
2026-04-05 19:48:45,041 - __main__ - INFO - [OK] 分析 纳斯达克综合 (.IXIC)...
2026-04-05 19:48:48,545 - __main__ - INFO - [OK] 纳斯达克综合 分析完成
2026-04-05 19:48:48,545 - __main__ - INFO - [OK] 分析 标普500 (.SPX)...
2026-04-05 19:48:52,025 - __main__ - INFO - [OK] 标普500 分析完成
2026-04-05 19:48:52,025 - __main__ - INFO - [OK] 分析 比特币 (BTC-USD)...
2026-04-05 19:48:55,506 - __main__ - INFO - [OK] 比特币 分析完成
2026-04-05 19:48:55,506 - __main__ - INFO - [OK] 所有指数分析完成
2026-04-05 19:48:55,506 - __main__ - INFO - [OK] 生成日报内容...
2026-04-05 19:48:55,506 - __main__ - INFO - [OK] 保存报告到文件...
2026-04-05 19:48:55,507 - __main__ - INFO - [OK] 报告已保存到: E:\pycharm\stock-analysis\reports\daily_report_20260405.md
2026-04-05 19:48:55,507 - __main__ - INFO - [OK] 报告生成成功！
2026-04-05 19:48:55,507 - __main__ - INFO - [OK] 报告已保存到: E:\pycharm\stock-analysis\reports\daily_report_20260405.md
2026-04-05 19:49:20,669 - daily_scheduler - INFO - [OK] 通过邮件发送报告...
2026-04-05 19:49:21,340 - daily_scheduler - INFO - [OK] 邮件发送成功！
2026-04-05 19:49:27,554 - __main__ - INFO - ============================================================
2026-04-05 19:49:27,554 - __main__ - INFO - [OK] 开始分析真实指数数据...
2026-04-05 19:49:27,554 - __main__ - INFO - ============================================================
2026-04-05 19:49:27,554 - __main__ - INFO - [OK] 分析 上证综指 (000001.SH)...
2026-04-05 19:49:31,227 - __main__ - INFO - [OK] 上证综指 分析完成
2026-04-05 19:49:31,227 - __main__ - INFO - [OK] 分析 深证成指 (399001.SZ)...
2026-04-05 19:49:34,707 - __main__ - INFO - [OK] 深证成指 分析完成
2026-04-05 19:49:34,707 - __main__ - INFO - [OK] 分析 创业板指 (399006.SZ)...
2026-04-05 19:49:38,456 - __main__ - INFO - [OK] 创业板指 分析完成
2026-04-05 19:49:38,456 - __main__ - INFO - [OK] 分析 科创板50 (000688.SH)...
2026-04-05 19:49:41,934 - __main__ - INFO - [OK] 科创板50 分析完成
2026-04-05 19:49:41,935 - __main__ - INFO - [OK] 分析 沪深300 (000300.SH)...
2026-04-05 19:49:45,368 - __main__ - INFO - [OK] 沪深300 分析完成
2026-04-05 19:49:45,368 - __main__ - INFO - [OK] 分析 中证500 (000905.SH)...
2026-04-05 19:49:48,796 - __main__ - INFO - [OK] 中证500 分析完成
2026-04-05 19:49:48,796 - __main__ - INFO - [OK] 分析 中证1000 (000852.SH)...
2026-04-05 19:49:52,367 - __main__ - INFO - [OK] 中证1000 分析完成
2026-04-05 19:49:52,367 - __main__ - INFO - [OK] 分析 恒生指数 (.HSI)...
2026-04-05 19:49:55,833 - __main__ - INFO - [OK] 恒生指数 分析完成
2026-04-05 19:49:55,833 - __main__ - INFO - [OK] 分析 道琼斯工业 (.DJI)...
2026-04-05 19:49:59,375 - __main__ - INFO - [OK] 道琼斯工业 分析完成
2026-04-05 19:49:59,375 - __main__ - INFO - [OK] 分析 纳斯达克综合 (.IXIC)...
2026-04-05 19:50:02,866 - __main__ - INFO - [OK] 纳斯达克综合 分析完成
2026-04-05 19:50:02,867 - __main__ - INFO - [OK] 分析 标普500 (.SPX)...
2026-04-05 19:50:06,254 - __main__ - INFO - [OK] 标普500 分析完成
2026-04-05 19:50:06,254 - __main__ - INFO - [OK] 分析 比特币 (BTC-USD)...
2026-04-05 19:50:09,686 - __main__ - INFO - [OK] 比特币 分析完成
2026-04-05 19:50:09,686 - __main__ - INFO - [OK] 所有指数分析完成
2026-04-05 19:50:09,686 - __main__ - INFO - [OK] 生成日报内容...
2026-04-05 19:50:09,686 - __main__ - INFO - [OK] 保存报告到文件...
2026-04-05 19:50:09,687 - __main__ - INFO - [OK] 报告已保存到: E:\pycharm\stock-analysis\reports\daily_report_20260405.md
2026-04-05 19:50:09,687 - __main__ - INFO - [OK] 报告生成成功！
2026-04-05 19:50:09,687 - __main__ - INFO - [OK] 报告已保存到: E:\pycharm\stock-analysis\reports\daily_report_20260405.md
2026-04-05 19:50:37,691 - __main__ - INFO - ============================================================
2026-04-05 19:50:37,691 - __main__ - INFO - [OK] 开始分析真实指数数据...
2026-04-05 19:50:37,691 - __main__ - INFO - ============================================================
2026-04-05 19:50:37,691 - __main__ - INFO - [OK] 分析 上证综指 (000001.SH)...
2026-04-05 19:50:41,339 - __main__ - INFO - [OK] 上证综指 分析完成
2026-04-05 19:50:41,340 - __main__ - INFO - [OK] 分析 深证成指 (399001.SZ)...
2026-04-05 19:50:44,806 - __main__ - INFO - [OK] 深证成指 分析完成
2026-04-05 19:50:44,806 - __main__ - INFO - [OK] 分析 创业板指 (399006.SZ)...
2026-04-05 19:50:48,235 - __main__ - INFO - [OK] 创业板指 分析完成
2026-04-05 19:50:48,236 - __main__ - INFO - [OK] 分析 科创板50 (000688.SH)...
2026-04-05 19:50:51,716 - __main__ - INFO - [OK] 科创板50 分析完成
2026-04-05 19:50:51,716 - __main__ - INFO - [OK] 分析 沪深300 (000300.SH)...
2026-04-05 19:50:55,153 - __main__ - INFO - [OK] 沪深300 分析完成
2026-04-05 19:50:55,153 - __main__ - INFO - [OK] 分析 中证500 (000905.SH)...
2026-04-05 19:50:58,596 - __main__ - INFO - [OK] 中证500 分析完成
2026-04-05 19:50:58,596 - __main__ - INFO - [OK] 分析 中证1000 (000852.SH)...
2026-04-05 19:51:02,035 - __main__ - INFO - [OK] 中证1000 分析完成
2026-04-05 19:51:02,035 - __main__ - INFO - [OK] 分析 恒生指数 (.HSI)...
2026-04-05 19:51:05,456 - __main__ - INFO - [OK] 恒生指数 分析完成
2026-04-05 19:51:05,456 - __main__ - INFO - [OK] 分析 道琼斯工业 (.DJI)...
2026-04-05 19:51:08,927 - __main__ - INFO - [OK] 道琼斯工业 分析完成
2026-04-05 19:51:08,927 - __main__ - INFO - [OK] 分析 纳斯达克综合 (.IXIC)...
2026-04-05 19:51:12,376 - __main__ - INFO - [OK] 纳斯达克综合 分析完成
2026-04-05 19:51:12,376 - __main__ - INFO - [OK] 分析 标普500 (.SPX)...
2026-04-05 19:51:15,817 - __main__ - INFO - [OK] 标普500 分析完成
2026-04-05 19:51:15,817 - __main__ - INFO - [OK] 分析 比特币 (BTC-USD)...
2026-04-05 19:51:19,329 - __main__ - INFO - [OK] 比特币 分析完成
2026-04-05 19:51:19,329 - __main__ - INFO - [OK] 所有指数分析完成
2026-04-05 19:51:19,329 - __main__ - INFO - [OK] 生成日报内容...
2026-04-05 19:51:19,329 - __main__ - INFO - [OK] 保存报告到文件...
2026-04-05 19:51:19,330 - __main__ - INFO - [OK] 报告已保存到: E:\pycharm\stock-analysis\reports\daily_report_20260405.md
2026-04-05 19:51:19,330 - __main__ - INFO - [OK] 报告生成成功！
2026-04-05 19:51:19,330 - __main__ - INFO - [OK] 报告已保存到: E:\pycharm\stock-analysis\reports\daily_report_20260405.md
2026-04-05 19:51:19,330 - __main__ - INFO - [OK] 通过邮件发送报告...
2026-04-05 19:51:20,854 - __main__ - INFO - [OK] 邮件发送成功！
