2026-04-04 17:52:32 - signal_generator - [INFO] - [开始] 数据同步
2026-04-04 17:52:32 - signal_generator - [INFO] - [数据同步] 开始同步数据
2026-04-04 17:52:32 - signal_generator - [INFO] - [数据同步] 正在同步 000688.SH...
2026-04-04 17:52:32 - signal_generator - [ERROR] - [数据同步] 000688.SH - 出错: IndexAnalyzer.__init__() got an unexpected keyword argument 'index_code'
2026-04-04 17:52:32 - signal_generator - [INFO] - [数据同步] 正在同步 399006.SZ...
2026-04-04 17:52:32 - signal_generator - [ERROR] - [数据同步] 399006.SZ - 出错: IndexAnalyzer.__init__() got an unexpected keyword argument 'index_code'
2026-04-04 17:52:32 - signal_generator - [INFO] - [数据同步] 正在同步 000001.SH...
2026-04-04 17:52:32 - signal_generator - [ERROR] - [数据同步] 000001.SH - 出错: IndexAnalyzer.__init__() got an unexpected keyword argument 'index_code'
2026-04-04 17:52:32 - signal_generator - [INFO] - [数据同步] 正在同步 000905.SH...
2026-04-04 17:52:32 - signal_generator - [ERROR] - [数据同步] 000905.SH - 出错: IndexAnalyzer.__init__() got an unexpected keyword argument 'index_code'
2026-04-04 17:52:32 - signal_generator - [INFO] - [数据同步] 正在同步 000852.SH...
2026-04-04 17:52:32 - signal_generator - [ERROR] - [数据同步] 000852.SH - 出错: IndexAnalyzer.__init__() got an unexpected keyword argument 'index_code'
2026-04-04 17:52:32 - signal_generator - [INFO] - [开始] 信号计算
2026-04-04 17:52:32 - signal_generator - [INFO] - [信号计算] 开始计算信号
2026-04-04 17:52:32 - signal_generator - [INFO] - [信号计算] 正在计算 000688.SH 的信号...
2026-04-04 17:52:32 - signal_generator - [ERROR] - [信号计算] 000688.SH - 出错: IndexAnalyzer.__init__() got an unexpected keyword argument 'index_code'
2026-04-04 17:52:32 - signal_generator - [INFO] - [信号计算] 正在计算 399006.SZ 的信号...
2026-04-04 17:52:32 - signal_generator - [ERROR] - [信号计算] 399006.SZ - 出错: IndexAnalyzer.__init__() got an unexpected keyword argument 'index_code'
2026-04-04 17:52:32 - signal_generator - [INFO] - [信号计算] 正在计算 000001.SH 的信号...
2026-04-04 17:52:32 - signal_generator - [ERROR] - [信号计算] 000001.SH - 出错: IndexAnalyzer.__init__() got an unexpected keyword argument 'index_code'
2026-04-04 17:52:32 - signal_generator - [INFO] - [信号计算] 正在计算 000905.SH 的信号...
2026-04-04 17:52:32 - signal_generator - [ERROR] - [信号计算] 000905.SH - 出错: IndexAnalyzer.__init__() got an unexpected keyword argument 'index_code'
2026-04-04 17:52:32 - signal_generator - [INFO] - [信号计算] 正在计算 000852.SH 的信号...
2026-04-04 17:52:32 - signal_generator - [ERROR] - [信号计算] 000852.SH - 出错: IndexAnalyzer.__init__() got an unexpected keyword argument 'index_code'
2026-04-04 17:52:32 - signal_generator - [INFO] - [开始] 完整报告
2026-04-04 17:52:32 - signal_generator - [INFO] - [完整报告] 开始生成完整报告
2026-04-04 17:52:32 - signal_generator - [INFO] - [完整报告] 正在处理 000688.SH...
2026-04-04 17:52:32 - signal_generator - [ERROR] - [完整报告] 000688.SH - 出错: IndexAnalyzer.__init__() got an unexpected keyword argument 'index_code'
2026-04-04 17:52:32 - signal_generator - [INFO] - [完整报告] 正在处理 399006.SZ...
2026-04-04 17:52:32 - signal_generator - [ERROR] - [完整报告] 399006.SZ - 出错: IndexAnalyzer.__init__() got an unexpected keyword argument 'index_code'
2026-04-04 17:52:32 - signal_generator - [INFO] - [完整报告] 正在处理 000001.SH...
2026-04-04 17:52:32 - signal_generator - [ERROR] - [完整报告] 000001.SH - 出错: IndexAnalyzer.__init__() got an unexpected keyword argument 'index_code'
2026-04-04 17:52:32 - signal_generator - [INFO] - [完整报告] 正在处理 000905.SH...
2026-04-04 17:52:32 - signal_generator - [ERROR] - [完整报告] 000905.SH - 出错: IndexAnalyzer.__init__() got an unexpected keyword argument 'index_code'
2026-04-04 17:52:32 - signal_generator - [INFO] - [完整报告] 正在处理 000852.SH...
2026-04-04 17:52:32 - signal_generator - [ERROR] - [完整报告] 000852.SH - 出错: IndexAnalyzer.__init__() got an unexpected keyword argument 'index_code'
2026-04-04 17:52:32 - signal_generator - [INFO] - [完成] 信号生成完成
2026-04-04 17:53:10 - signal_generator - [INFO] - [开始] 数据同步
2026-04-04 17:53:10 - signal_generator - [INFO] - [数据同步] 开始同步数据
2026-04-04 17:53:10 - signal_generator - [INFO] - [数据同步] 正在同步 000688.SH...
2026-04-04 17:53:10 - signal_generator - [ERROR] - [数据同步] 000688.SH - 出错: 'database'
2026-04-04 17:53:10 - signal_generator - [INFO] - [数据同步] 正在同步 399006.SZ...
2026-04-04 17:53:10 - signal_generator - [ERROR] - [数据同步] 399006.SZ - 出错: 'database'
2026-04-04 17:53:10 - signal_generator - [INFO] - [数据同步] 正在同步 000001.SH...
2026-04-04 17:53:10 - signal_generator - [ERROR] - [数据同步] 000001.SH - 出错: 'database'
2026-04-04 17:53:10 - signal_generator - [INFO] - [数据同步] 正在同步 000905.SH...
2026-04-04 17:53:10 - signal_generator - [ERROR] - [数据同步] 000905.SH - 出错: 'database'
2026-04-04 17:53:10 - signal_generator - [INFO] - [数据同步] 正在同步 000852.SH...
2026-04-04 17:53:10 - signal_generator - [ERROR] - [数据同步] 000852.SH - 出错: 'database'
2026-04-04 17:53:10 - signal_generator - [INFO] - [开始] 信号计算
2026-04-04 17:53:10 - signal_generator - [INFO] - [信号计算] 开始计算信号
2026-04-04 17:53:10 - signal_generator - [INFO] - [信号计算] 正在计算 000688.SH 的信号...
2026-04-04 17:53:10 - signal_generator - [ERROR] - [信号计算] 000688.SH - 出错: 'database'
2026-04-04 17:53:10 - signal_generator - [INFO] - [信号计算] 正在计算 399006.SZ 的信号...
2026-04-04 17:53:10 - signal_generator - [ERROR] - [信号计算] 399006.SZ - 出错: 'database'
2026-04-04 17:53:10 - signal_generator - [INFO] - [信号计算] 正在计算 000001.SH 的信号...
2026-04-04 17:53:10 - signal_generator - [ERROR] - [信号计算] 000001.SH - 出错: 'database'
2026-04-04 17:53:10 - signal_generator - [INFO] - [信号计算] 正在计算 000905.SH 的信号...
2026-04-04 17:53:10 - signal_generator - [ERROR] - [信号计算] 000905.SH - 出错: 'database'
2026-04-04 17:53:10 - signal_generator - [INFO] - [信号计算] 正在计算 000852.SH 的信号...
2026-04-04 17:53:10 - signal_generator - [ERROR] - [信号计算] 000852.SH - 出错: 'database'
2026-04-04 17:53:10 - signal_generator - [INFO] - [开始] 完整报告
2026-04-04 17:53:10 - signal_generator - [INFO] - [完整报告] 开始生成完整报告
2026-04-04 17:53:10 - signal_generator - [INFO] - [完整报告] 正在处理 000688.SH...
2026-04-04 17:53:10 - signal_generator - [ERROR] - [完整报告] 000688.SH - 出错: 'database'
2026-04-04 17:53:10 - signal_generator - [INFO] - [完整报告] 正在处理 399006.SZ...
2026-04-04 17:53:10 - signal_generator - [ERROR] - [完整报告] 399006.SZ - 出错: 'database'
2026-04-04 17:53:10 - signal_generator - [INFO] - [完整报告] 正在处理 000001.SH...
2026-04-04 17:53:10 - signal_generator - [ERROR] - [完整报告] 000001.SH - 出错: 'database'
2026-04-04 17:53:10 - signal_generator - [INFO] - [完整报告] 正在处理 000905.SH...
2026-04-04 17:53:10 - signal_generator - [ERROR] - [完整报告] 000905.SH - 出错: 'database'
2026-04-04 17:53:10 - signal_generator - [INFO] - [完整报告] 正在处理 000852.SH...
2026-04-04 17:53:10 - signal_generator - [ERROR] - [完整报告] 000852.SH - 出错: 'database'
2026-04-04 17:53:10 - signal_generator - [INFO] - [完成] 信号生成完成
2026-04-04 19:29:21 - signal_generator - [INFO] - [开始] 数据同步
2026-04-04 19:29:21 - signal_generator - [INFO] - [数据同步] 开始同步数据
2026-04-04 19:29:21 - signal_generator - [INFO] - [数据同步] 正在同步 000688.SH...
2026-04-04 19:29:29 - signal_generator - [INFO] - [数据同步] 000688.SH - 成功加载 766 行数据
2026-04-04 19:29:29 - signal_generator - [INFO] - [数据同步] 正在同步 399006.SZ...
2026-04-04 19:29:36 - signal_generator - [INFO] - [数据同步] 399006.SZ - 成功加载 786 行数据
2026-04-04 19:29:36 - signal_generator - [INFO] - [数据同步] 正在同步 000001.SH...
2026-04-04 19:29:45 - signal_generator - [INFO] - [数据同步] 000001.SH - 成功加载 781 行数据
2026-04-04 19:29:45 - signal_generator - [INFO] - [数据同步] 正在同步 000905.SH...
2026-04-04 19:29:53 - signal_generator - [INFO] - [数据同步] 000905.SH - 成功加载 766 行数据
2026-04-04 19:29:53 - signal_generator - [INFO] - [数据同步] 正在同步 000852.SH...
2026-04-04 19:30:00 - signal_generator - [INFO] - [数据同步] 000852.SH - 成功加载 766 行数据
2026-04-04 19:30:00 - signal_generator - [INFO] - [开始] 信号计算
2026-04-04 19:30:00 - signal_generator - [INFO] - [信号计算] 开始计算信号
2026-04-04 19:30:00 - signal_generator - [INFO] - [信号计算] 正在计算 000688.SH 的信号...
2026-04-04 19:33:22 - signal_generator - [INFO] - [信号计算] 000688.SH - BUY=371, SELL=230, HOLD=165
2026-04-04 19:33:22 - signal_generator - [INFO] - [信号计算] 正在计算 399006.SZ 的信号...
