2026-04-05 08:26:22,578 - __main__ - INFO - ============================================================
2026-04-05 08:26:22,578 - __main__ - INFO - 开始同步数据...
2026-04-05 08:26:22,579 - __main__ - INFO - ============================================================
2026-04-05 08:26:22,579 - __main__ - INFO - [1/6] 同步股票基础数据...
2026-04-05 08:26:38,903 - __main__ - INFO - [2/6] 同步两融数据...
2026-04-05 08:26:38,904 - __main__ - ERROR - [ERROR] 数据同步失败: 'FinancingMarginTradingSync' object has no attribute 'sync_all'
2026-04-05 08:27:29,437 - __main__ - INFO - ============================================================
2026-04-05 08:27:29,438 - __main__ - INFO - 开始同步数据...
2026-04-05 08:27:29,438 - __main__ - INFO - ============================================================
2026-04-05 08:27:29,438 - __main__ - INFO - [1/6] 同步股票基础数据...
2026-04-05 08:27:44,583 - __main__ - INFO - [2/6] 同步两融数据...
2026-04-05 08:27:44,945 - __main__ - INFO - [3/6] 同步权重数据...
2026-04-05 08:27:44,946 - __main__ - ERROR - [ERROR] 数据同步失败: 'StockWeightSync' object has no attribute 'sync_all'
2026-04-05 08:28:30,420 - __main__ - INFO - ============================================================
2026-04-05 08:28:30,420 - __main__ - INFO - 开始同步数据...
2026-04-05 08:28:30,420 - __main__ - INFO - ============================================================
2026-04-05 08:28:30,420 - __main__ - INFO - [1/6] 同步股票基础数据...
2026-04-05 08:28:45,163 - __main__ - INFO - [2/6] 同步两融数据...
2026-04-05 08:28:45,516 - __main__ - INFO - [3/6] 同步权重数据...
2026-04-05 08:28:54,871 - __main__ - INFO - [4/6] 同步财务数据...
